<?xml version="1.0" encoding="UTF-8"?>
<!-- Generated by org.testng.reporters.JUnitReportReporter -->
<testsuite hostname="Khanderaos-MacBook-Pro.local" failures="0" tests="1" name="p1.TestData" time="8.974" errors="0" timestamp="2024-10-08T08:46:25 IST" skipped="0">
  <testcase classname="p1.TestData" name="testing" time="8.974"/>
  <system-out/>
</testsuite> <!-- p1.TestData -->
