<?xml version="1.0" encoding="UTF-8"?>
<!-- Generated by org.testng.reporters.JUnitReportReporter -->
<testsuite hostname="Khanderaos-MacBook-Pro.local" failures="0" tests="1" name="com.techno.orghrm.testscript.LoginTest" time="8.677" errors="0" timestamp="2024-10-23T17:36:50 IST" skipped="0">
  <testcase classname="com.techno.orghrm.testscript.LoginTest" name="loginTest" time="8.677"/>
  <system-out/>
</testsuite> <!-- com.techno.orghrm.testscript.LoginTest -->
